[debug] [2025-08-01T18:28:37.220Z] ----------------------------------------------------------------------
[debug] [2025-08-01T18:28:37.221Z] Command:       /Users/devano/.nvm/versions/node/v22.17.0/bin/node /Users/devano/Library/pnpm/global/5/.pnpm/firebase-tools@14.11.0_@types+node@24.0.15_encoding@0.1.13/node_modules/firebase-tools/lib/bin/firebase.js init
[debug] [2025-08-01T18:28:37.221Z] CLI Version:   14.11.0
[debug] [2025-08-01T18:28:37.221Z] Platform:      darwin
[debug] [2025-08-01T18:28:37.221Z] Node Version:  v22.17.0
[debug] [2025-08-01T18:28:37.221Z] Time:          Fri Aug 01 2025 19:28:37 GMT+0100 (Irish Standard Time)
[debug] [2025-08-01T18:28:37.221Z] ----------------------------------------------------------------------
[debug] 
[debug] [2025-08-01T18:28:37.222Z] >>> [apiv2][query] GET https://firebase-public.firebaseio.com/cli.json [none]
[debug] [2025-08-01T18:28:37.238Z] > command requires scopes: ["email","openid","https://www.googleapis.com/auth/cloudplatformprojects.readonly","https://www.googleapis.com/auth/firebase","https://www.googleapis.com/auth/cloud-platform"]
[debug] [2025-08-01T18:28:37.238Z] > authorizing via signed-in user (devanojose4@gmail.com)
[info] 
     ######## #### ########  ######## ########     ###     ######  ########
     ##        ##  ##     ## ##       ##     ##  ##   ##  ##       ##
     ######    ##  ########  ######   ########  #########  ######  ######
     ##        ##  ##    ##  ##       ##     ## ##     ##       ## ##
     ##       #### ##     ## ######## ########  ##     ##  ######  ########

You're about to initialize a Firebase project in this directory:

  /Users/devano/Documents/GitHub/expense-tracker

[debug] [2025-08-01T18:28:37.511Z] <<< [apiv2][status] GET https://firebase-public.firebaseio.com/cli.json 200
[debug] [2025-08-01T18:28:37.512Z] <<< [apiv2][body] GET https://firebase-public.firebaseio.com/cli.json {"cloudBuildErrorAfter":1594252800000,"cloudBuildWarnAfter":1590019200000,"defaultNode10After":1594252800000,"minVersion":"3.0.5","node8DeploysDisabledAfter":1613390400000,"node8RuntimeDisabledAfter":1615809600000,"node8WarnAfter":1600128000000}
[info] 
=== Project Setup
[info] 
[info] First, let's associate this project directory with a Firebase project.
[info] You can create multiple project aliases by running firebase use --add, 
[info] but for now we'll just set up a default project.
[info] 
[debug] [2025-08-01T18:30:21.861Z] ExitPromptError: User force closed the prompt with SIGINT
    at Interface.sigint (/Users/devano/Library/pnpm/global/5/.pnpm/@inquirer+core@10.1.15_@types+node@24.0.15/node_modules/@inquirer/core/dist/commonjs/lib/create-prompt.js:101:37)
    at Interface.emit (node:events:518:28)
    at Interface.emit (node:domain:489:12)
    at [_ttyWrite] [as _ttyWrite] (node:internal/readline/interface:1132:18)
    at ReadStream.onkeypress (node:internal/readline/interface:271:20)
    at ReadStream.emit (node:events:530:35)
    at ReadStream.emit (node:domain:489:12)
    at emitKeys (node:internal/readline/utils:370:14)
    at emitKeys.next (<anonymous>)
    at ReadStream.onData (node:internal/readline/emitKeypressEvents:64:36)
[error] 
[error] Error: An unexpected error has occurred.
